2025-11-12 22:01:43,577 INFO  * Restarting with stat
2025-11-12 22:01:44,435 WARNING  * Debugger is active!
2025-11-12 22:01:44,440 INFO  * Debugger PIN: 142-643-649
2025-11-12 22:01:44,574 WARNING  * Running on all addresses.
   WARNING: This is a development server. Do not use it in a production deployment.
2025-11-12 22:01:44,575 INFO  * Running on http://10.64.45.93:5000/ (Press CTRL+C to quit)
2025-11-12 22:04:43,098 INFO  * Detected change in 'C:\\Users\\turas\\OneDrive\\Documents\\croonify-oldtools\\app\\croonify-oldtools\\backend\\app.py', reloading
2025-11-12 22:04:43,170 INFO  * Restarting with stat
2025-11-12 22:04:44,156 WARNING  * Debugger is active!
2025-11-12 22:04:44,161 INFO  * Debugger PIN: 142-643-649
2025-11-12 22:04:44,268 WARNING  * Running on all addresses.
   WARNING: This is a development server. Do not use it in a production deployment.
2025-11-12 22:04:44,269 INFO  * Running on http://10.64.45.93:5000/ (Press CTRL+C to quit)
2025-11-12 22:06:11,804 INFO  * Restarting with stat
2025-11-12 22:06:12,619 WARNING  * Debugger is active!
2025-11-12 22:06:12,638 INFO  * Debugger PIN: 142-643-649
2025-11-12 22:06:12,748 WARNING  * Running on all addresses.
   WARNING: This is a development server. Do not use it in a production deployment.
2025-11-12 22:06:12,748 INFO  * Running on http://10.64.45.93:5000/ (Press CTRL+C to quit)
2025-11-12 22:30:06,529 INFO  * Restarting with stat
2025-11-12 22:30:07,391 WARNING  * Debugger is active!
2025-11-12 22:30:07,393 INFO  * Debugger PIN: 142-643-649
2025-11-12 22:30:07,574 WARNING  * Running on all addresses.
   WARNING: This is a development server. Do not use it in a production deployment.
2025-11-12 22:30:07,574 INFO  * Running on http://10.64.45.93:5000/ (Press CTRL+C to quit)
